<?xml version="1.0" encoding="UTF-8"?>
<!-- Generated by org.testng.reporters.JUnitXMLReporter -->
<testsuite ignored="2" hostname="DESKTOP-58TVSAQ" failures="0" tests="1" name="Default test" time="0.087" errors="0" timestamp="2022-03-24T14:46:36 IST">
  <testcase classname="com.crm.vtiger.Practice.CreateCampaignTest" name="createCampaign1" time="0.013"/>
  <testcase classname="com.crm.vtiger.Practice.CreateCampaignTest" name="createCampaign" time="0.0">
    <ignored/>
  </testcase> <!-- createCampaign -->
  <testcase classname="com.crm.vtiger.Practice.CreateCampaignTest" name="createCampaign2" time="0.0">
    <ignored/>
  </testcase> <!-- createCampaign2 -->
</testsuite> <!-- Default test -->
