<?xml version="1.0" encoding="UTF-8"?>
<testng-results ignored="2" total="3" passed="1" failed="0" skipped="0">
  <reporter-output>
  </reporter-output>
  <suite started-at="2022-03-24T14:46:36 IST" name="Default suite" finished-at="2022-03-24T14:46:36 IST" duration-ms="87">
    <groups>
    </groups>
    <test started-at="2022-03-24T14:46:36 IST" name="Default test" finished-at="2022-03-24T14:46:36 IST" duration-ms="87">
      <class name="com.crm.vtiger.Practice.CreateCampaignTest">
        <test-method signature="createCampaign1()[pri:0, instance:com.crm.vtiger.Practice.CreateCampaignTest@50ad3bc1]" started-at="2022-03-24T14:46:36 IST" name="createCampaign1" finished-at="2022-03-24T14:46:36 IST" duration-ms="13" status="PASS">
          <reporter-output>
          </reporter-output>
        </test-method> <!-- createCampaign1 -->
      </class> <!-- com.crm.vtiger.Practice.CreateCampaignTest -->
    </test> <!-- Default test -->
  </suite> <!-- Default suite -->
</testng-results>
